<?xml version="1.0" encoding="UTF-8"?>
<!-- Generated by org.testng.reporters.JUnitReportReporter -->
<testsuite hostname="DESKTOP-M4I946I" failures="0" tests="10" name="com.Comp.Runner.TestrunnerClass" time="142.813" errors="0" timestamp="2021-11-21T01:23:25 IST" skipped="0">
  <testcase classname="com.Comp.Runner.TestrunnerClass" name="runScenario" time="12.205"/>
  <system-out/>
  <testcase classname="com.Comp.Runner.TestrunnerClass" name="runScenario" time="11.091"/>
  <system-out/>
  <testcase classname="com.Comp.Runner.TestrunnerClass" name="runScenario" time="12.918"/>
  <system-out/>
  <testcase classname="com.Comp.Runner.TestrunnerClass" name="runScenario" time="14.200"/>
  <system-out/>
  <testcase classname="com.Comp.Runner.TestrunnerClass" name="runScenario" time="14.711"/>
  <system-out/>
  <testcase classname="com.Comp.Runner.TestrunnerClass" name="runScenario" time="15.896"/>
  <system-out/>
  <testcase classname="com.Comp.Runner.TestrunnerClass" name="runScenario" time="13.934"/>
  <system-out/>
  <testcase classname="com.Comp.Runner.TestrunnerClass" name="runScenario" time="16.279"/>
  <system-out/>
  <testcase classname="com.Comp.Runner.TestrunnerClass" name="runScenario" time="12.044"/>
  <system-out/>
  <testcase classname="com.Comp.Runner.TestrunnerClass" name="runScenario" time="19.535"/>
  <system-out/>
</testsuite> <!-- com.Comp.Runner.TestrunnerClass -->
