<?xml version="1.0" encoding="UTF-8"?>
<!-- Generated by org.testng.reporters.JUnitReportReporter -->
<testsuite hostname="LAPTOP-FD7TKB4I" failures="0" tests="10" name="com.Comprehensive.runnerClass.TestrunnerClass" time="155.293" errors="0" timestamp="2021-11-19T21:47:36 IST" skipped="0">
  <testcase classname="com.Comprehensive.runnerClass.TestrunnerClass" name="runScenario" time="14.357"/>
  <system-out/>
  <testcase classname="com.Comprehensive.runnerClass.TestrunnerClass" name="runScenario" time="15.214"/>
  <system-out/>
  <testcase classname="com.Comprehensive.runnerClass.TestrunnerClass" name="runScenario" time="18.371"/>
  <system-out/>
  <testcase classname="com.Comprehensive.runnerClass.TestrunnerClass" name="runScenario" time="19.996"/>
  <system-out/>
  <testcase classname="com.Comprehensive.runnerClass.TestrunnerClass" name="runScenario" time="22.221"/>
  <system-out/>
  <testcase classname="com.Comprehensive.runnerClass.TestrunnerClass" name="runScenario" time="7.480"/>
  <system-out/>
  <testcase classname="com.Comprehensive.runnerClass.TestrunnerClass" name="runScenario" time="21.018"/>
  <system-out/>
  <testcase classname="com.Comprehensive.runnerClass.TestrunnerClass" name="runScenario" time="14.507"/>
  <system-out/>
  <testcase classname="com.Comprehensive.runnerClass.TestrunnerClass" name="runScenario" time="9.159"/>
  <system-out/>
  <testcase classname="com.Comprehensive.runnerClass.TestrunnerClass" name="runScenario" time="12.970"/>
  <system-out/>
</testsuite> <!-- com.Comprehensive.runnerClass.TestrunnerClass -->
